2025-10-07 00:02:10,963 - backend.services.document_converter - INFO - Initializing Docling DocumentConverter...
2025-10-07 00:02:10,973 - backend.services.document_converter - INFO - DocumentConverter initialized successfully
2025-10-07 00:07:08,300 - backend.services.document_converter - INFO - Initializing Docling DocumentConverter...
2025-10-07 00:07:08,301 - backend.services.document_converter - INFO - DocumentConverter initialized successfully
2025-10-07 00:10:19,964 - backend.services.document_converter - INFO - Received conversion request for file: AI AI_FinanceInsight.pdf
2025-10-07 00:10:19,965 - backend.services.document_converter - INFO - Read 260839 bytes from uploaded file
2025-10-07 00:10:19,968 - backend.services.document_converter - INFO - Converting document AI AI_FinanceInsight.pdf to markdown...
2025-10-07 00:10:24,683 - docling.document_converter - INFO - Going to convert document batch...
2025-10-07 00:10:26,981 - huggingface_hub.file_download - WARNING - Xet Storage is enabled for this repo, but the 'hf_xet' package is not installed. Falling back to regular HTTP download. For better performance, install the package with: `pip install huggingface_hub[hf_xet]` or `pip install hf_xet`
2025-10-07 00:18:42,559 - docling.utils.accelerator_utils - INFO - Accelerator device: 'cpu'
2025-10-07 00:18:48,495 - docling.utils.accelerator_utils - INFO - Accelerator device: 'cpu'
2025-10-07 00:18:50,799 - docling.utils.accelerator_utils - INFO - Accelerator device: 'cpu'
2025-10-07 00:18:52,057 - docling.pipeline.base_pipeline - INFO - Processing document tmp7bpaxrem.pdf
2025-10-07 00:19:23,030 - docling.document_converter - INFO - Finished converting document tmp7bpaxrem.pdf in 543.06 sec.
2025-10-07 00:19:23,170 - docling_core.types.doc.document - WARNING - Parameter `strict_text` has been deprecated and will be ignored.
2025-10-07 00:19:23,528 - backend.services.document_converter - INFO - Conversion completed successfully. Generated 11754 chars of text
2025-10-07 00:19:23,534 - backend.services.document_converter - INFO - Successfully converted AI AI_FinanceInsight.pdf
2025-10-07 00:20:04,614 - backend.services.document_converter - INFO - Received conversion request for file: Alpha Technologies Pvt. Ltd (1).pdf
2025-10-07 00:20:04,615 - backend.services.document_converter - INFO - Read 35070 bytes from uploaded file
2025-10-07 00:20:04,617 - backend.services.document_converter - INFO - Converting document Alpha Technologies Pvt. Ltd (1).pdf to markdown...
2025-10-07 00:20:04,644 - docling.document_converter - INFO - Going to convert document batch...
2025-10-07 00:20:04,645 - docling.pipeline.base_pipeline - INFO - Processing document tmpwczq1u36.pdf
2025-10-07 00:20:07,003 - docling.document_converter - INFO - Finished converting document tmpwczq1u36.pdf in 2.39 sec.
2025-10-07 00:20:07,011 - docling_core.types.doc.document - WARNING - Parameter `strict_text` has been deprecated and will be ignored.
2025-10-07 00:20:07,017 - backend.services.document_converter - INFO - Conversion completed successfully. Generated 1178 chars of text
2025-10-07 00:20:07,029 - backend.services.document_converter - INFO - Successfully converted Alpha Technologies Pvt. Ltd (1).pdf
2025-10-08 09:59:56,031 - backend.services.document_converter - INFO - Received conversion request for file: Alpha Technologies Pvt. Ltd (1).pdf
2025-10-08 09:59:56,034 - backend.services.document_converter - INFO - Read 35070 bytes from uploaded file
2025-10-08 09:59:56,037 - backend.services.document_converter - INFO - Converting document Alpha Technologies Pvt. Ltd (1).pdf to markdown...
2025-10-08 09:59:56,071 - docling.document_converter - INFO - Going to convert document batch...
2025-10-08 09:59:56,073 - docling.pipeline.base_pipeline - INFO - Processing document tmpr1ltl90l.pdf
2025-10-08 09:59:57,142 - docling.document_converter - INFO - Finished converting document tmpr1ltl90l.pdf in 1.11 sec.
2025-10-08 09:59:57,145 - docling_core.types.doc.document - WARNING - Parameter `strict_text` has been deprecated and will be ignored.
2025-10-08 09:59:57,147 - backend.services.document_converter - INFO - Conversion completed successfully. Generated 1178 chars of text
2025-10-08 09:59:57,149 - backend.services.document_converter - INFO - Successfully converted Alpha Technologies Pvt. Ltd (1).pdf
