2025-10-07 00:07:13,324 - backend.services.ner_service - INFO - Starting NER model loading from dslim/bert-base-NER...
2025-10-07 00:07:13,325 - backend.services.ner_service - INFO - Loading tokenizer...
2025-10-07 00:07:14,824 - backend.services.ner_service - INFO - Tokenizer loaded successfully
2025-10-07 00:07:14,824 - backend.services.ner_service - INFO - Loading model...
2025-10-07 00:07:15,359 - backend.services.ner_service - INFO - Model loaded successfully
2025-10-07 00:07:15,359 - backend.services.ner_service - INFO - Creating NER pipeline...
2025-10-07 00:07:15,361 - backend.services.ner_service - INFO - NER model loaded successfully!
2025-10-07 00:20:29,340 - backend.services.ner_service - INFO - Received NER request for text of length 1178
2025-10-07 00:20:29,341 - backend.services.ner_service - INFO - Running NER pipeline...
2025-10-07 00:20:30,693 - backend.services.ner_service - INFO - Found 18 entities
2025-10-07 00:20:30,694 - backend.services.ner_service - INFO - Generating highlighted HTML...
2025-10-07 00:20:30,697 - backend.services.ner_service - INFO - Saved NER results to output\ner_results.html
2025-10-07 00:22:31,871 - backend.services.ner_service - INFO - Received NER request for text of length 1178
2025-10-07 00:22:31,872 - backend.services.ner_service - INFO - Running NER pipeline...
2025-10-07 00:22:32,286 - backend.services.ner_service - INFO - Found 18 entities
2025-10-07 00:22:32,286 - backend.services.ner_service - INFO - Generating highlighted HTML...
2025-10-07 00:22:32,289 - backend.services.ner_service - INFO - Saved NER results to output\ner_results.html
2025-10-07 00:23:50,606 - backend.services.ner_service - INFO - Received NER request for text of length 1178
2025-10-07 00:23:50,607 - backend.services.ner_service - INFO - Running NER pipeline...
2025-10-07 00:23:50,886 - backend.services.ner_service - INFO - Found 18 entities
2025-10-07 00:23:50,888 - backend.services.ner_service - INFO - Generating highlighted HTML...
2025-10-07 00:23:50,898 - backend.services.ner_service - INFO - Saved NER results to output\ner_results.html
2025-10-08 10:00:37,046 - backend.services.ner_service - INFO - Received NER request for text of length 1178
2025-10-08 10:00:37,047 - backend.services.ner_service - INFO - Running NER pipeline...
2025-10-08 10:00:37,295 - backend.services.ner_service - INFO - Found 18 entities
2025-10-08 10:00:37,295 - backend.services.ner_service - INFO - Generating highlighted HTML...
2025-10-08 10:00:37,297 - backend.services.ner_service - INFO - Saved NER results to output\ner_results.html
