2025-10-07 00:01:58,031 - backend.services.sentiment_service - INFO - Starting FinBERT model loading...
2025-10-07 00:01:58,032 - backend.services.sentiment_service - INFO - Loading tokenizer from ProsusAI/finbert...
2025-10-07 00:02:00,240 - backend.services.sentiment_service - INFO - Tokenizer loaded successfully
2025-10-07 00:02:00,241 - backend.services.sentiment_service - INFO - Loading model from ProsusAI/finbert...
2025-10-07 00:02:15,118 - backend.services.sentiment_service - INFO - FinBERT model loaded successfully!
2025-10-07 00:07:08,244 - backend.services.sentiment_service - INFO - Starting FinBERT model loading...
2025-10-07 00:07:08,245 - backend.services.sentiment_service - INFO - Loading tokenizer from ProsusAI/finbert...
2025-10-07 00:07:09,508 - backend.services.sentiment_service - INFO - Tokenizer loaded successfully
2025-10-07 00:07:09,508 - backend.services.sentiment_service - INFO - Loading model from ProsusAI/finbert...
2025-10-07 00:07:12,257 - backend.services.sentiment_service - INFO - FinBERT model loaded successfully!
2025-10-07 00:20:11,433 - backend.services.sentiment_service - INFO - Received sentiment analysis request for text of length 1178
2025-10-07 00:20:11,435 - backend.services.sentiment_service - INFO - Found 9 sentences to analyze
2025-10-07 00:20:12,554 - backend.services.sentiment_service - INFO - Sentiment analysis completed for 9 sentences
2025-10-07 00:20:12,555 - backend.services.sentiment_service - INFO - Generating highlighted HTML...
2025-10-07 00:22:20,059 - backend.services.sentiment_service - INFO - Received sentiment analysis request for text of length 1178
2025-10-07 00:22:20,060 - backend.services.sentiment_service - INFO - Found 9 sentences to analyze
2025-10-07 00:22:20,885 - backend.services.sentiment_service - INFO - Sentiment analysis completed for 9 sentences
2025-10-07 00:22:20,886 - backend.services.sentiment_service - INFO - Generating highlighted HTML...
2025-10-07 00:24:18,843 - backend.services.sentiment_service - INFO - Received sentiment analysis request for text of length 1178
2025-10-07 00:24:18,843 - backend.services.sentiment_service - INFO - Found 9 sentences to analyze
2025-10-07 00:24:19,207 - backend.services.sentiment_service - INFO - Sentiment analysis completed for 9 sentences
2025-10-07 00:24:19,207 - backend.services.sentiment_service - INFO - Generating highlighted HTML...
2025-10-08 10:00:01,169 - backend.services.sentiment_service - INFO - Received sentiment analysis request for text of length 1178
2025-10-08 10:00:01,170 - backend.services.sentiment_service - INFO - Found 9 sentences to analyze
2025-10-08 10:00:01,582 - backend.services.sentiment_service - INFO - Sentiment analysis completed for 9 sentences
2025-10-08 10:00:01,582 - backend.services.sentiment_service - INFO - Generating highlighted HTML...
